<?xml version="1.0" encoding="UTF-8"?>
<coverage generated="1695285339275" clover="3.2.0">
  <project timestamp="1695285339275" name="All files">
    <metrics statements="123" coveredstatements="34" conditionals="146" coveredconditionals="11" methods="41" coveredmethods="8" elements="310" coveredelements="53" complexity="0" loc="123" ncloc="123" packages="8" files="13" classes="13"/>
    <package name="dashboard.Dashboard">
      <metrics statements="15" coveredstatements="0" conditionals="4" coveredconditionals="0" methods="3" coveredmethods="0"/>
      <file name="Dashboard.tsx" path="C:\Users\user\Desktop\Invoicer-TS\src\components\dashboard\Dashboard\Dashboard.tsx">
        <metrics statements="15" coveredstatements="0" conditionals="4" coveredconditionals="0" methods="3" coveredmethods="0"/>
        <line num="11" count="0" type="stmt"/>
        <line num="12" count="0" type="stmt"/>
        <line num="13" count="0" type="stmt"/>
        <line num="33" count="0" type="stmt"/>
        <line num="45" count="0" type="stmt"/>
        <line num="46" count="0" type="stmt"/>
        <line num="47" count="0" type="stmt"/>
        <line num="48" count="0" type="stmt"/>
        <line num="49" count="0" type="stmt"/>
        <line num="51" count="0" type="stmt"/>
        <line num="53" count="0" type="stmt"/>
        <line num="57" count="0" type="stmt"/>
        <line num="60" count="0" type="stmt"/>
        <line num="95" count="0" type="stmt"/>
        <line num="102" count="0" type="stmt"/>
      </file>
    </package>
    <package name="dashboard.Main">
      <metrics statements="55" coveredstatements="0" conditionals="118" coveredconditionals="0" methods="19" coveredmethods="0"/>
      <file name="MobileSidebar.tsx" path="C:\Users\user\Desktop\Invoicer-TS\src\components\dashboard\Main\MobileSidebar.tsx">
        <metrics statements="8" coveredstatements="0" conditionals="6" coveredconditionals="0" methods="4" coveredmethods="0"/>
        <line num="14" count="0" type="stmt"/>
        <line num="22" count="0" type="stmt"/>
        <line num="23" count="0" type="stmt"/>
        <line num="26" count="0" type="stmt"/>
        <line num="31" count="0" type="stmt"/>
        <line num="44" count="0" type="stmt"/>
        <line num="57" count="0" type="cond" truecount="0" falsecount="2"/>
        <line num="59" count="0" type="stmt"/>
      </file>
      <file name="Navbar.tsx" path="C:\Users\user\Desktop\Invoicer-TS\src\components\dashboard\Main\Navbar.tsx">
        <metrics statements="19" coveredstatements="0" conditionals="8" coveredconditionals="0" methods="6" coveredmethods="0"/>
        <line num="13" count="0" type="stmt"/>
        <line num="14" count="0" type="stmt"/>
        <line num="16" count="0" type="stmt"/>
        <line num="17" count="0" type="stmt"/>
        <line num="18" count="0" type="stmt"/>
        <line num="19" count="0" type="stmt"/>
        <line num="20" count="0" type="cond" truecount="0" falsecount="2"/>
        <line num="22" count="0" type="stmt"/>
        <line num="23" count="0" type="cond" truecount="0" falsecount="2"/>
        <line num="24" count="0" type="stmt"/>
        <line num="25" count="0" type="stmt"/>
        <line num="28" count="0" type="stmt"/>
        <line num="32" count="0" type="stmt"/>
        <line num="41" count="0" type="stmt"/>
        <line num="42" count="0" type="stmt"/>
        <line num="43" count="0" type="stmt"/>
        <line num="48" count="0" type="stmt"/>
        <line num="49" count="0" type="stmt"/>
        <line num="50" count="0" type="stmt"/>
      </file>
      <file name="Sidebar.tsx" path="C:\Users\user\Desktop\Invoicer-TS\src\components\dashboard\Main\Sidebar.tsx">
        <metrics statements="28" coveredstatements="0" conditionals="104" coveredconditionals="0" methods="9" coveredmethods="0"/>
        <line num="24" count="0" type="stmt"/>
        <line num="32" count="0" type="stmt"/>
        <line num="35" count="0" type="stmt"/>
        <line num="36" count="0" type="cond" truecount="0" falsecount="2"/>
        <line num="37" count="0" type="stmt"/>
        <line num="39" count="0" type="stmt"/>
        <line num="40" count="0" type="cond" truecount="0" falsecount="2"/>
        <line num="44" count="0" type="stmt"/>
        <line num="45" count="0" type="cond" truecount="0" falsecount="2"/>
        <line num="46" count="0" type="stmt"/>
        <line num="48" count="0" type="stmt"/>
        <line num="49" count="0" type="cond" truecount="0" falsecount="2"/>
        <line num="53" count="0" type="stmt"/>
        <line num="54" count="0" type="cond" truecount="0" falsecount="4"/>
        <line num="55" count="0" type="stmt"/>
        <line num="56" count="0" type="stmt"/>
        <line num="57" count="0" type="cond" truecount="0" falsecount="4"/>
        <line num="58" count="0" type="stmt"/>
        <line num="59" count="0" type="stmt"/>
        <line num="63" count="0" type="stmt"/>
        <line num="65" count="0" type="stmt"/>
        <line num="66" count="0" type="stmt"/>
        <line num="70" count="0" type="stmt"/>
        <line num="71" count="0" type="stmt"/>
        <line num="73" count="0" type="stmt"/>
        <line num="74" count="0" type="stmt"/>
        <line num="77" count="0" type="stmt"/>
        <line num="79" count="0" type="stmt"/>
      </file>
    </package>
    <package name="landing.AboutUs">
      <metrics statements="2" coveredstatements="0" conditionals="0" coveredconditionals="0" methods="1" coveredmethods="0"/>
      <file name="AboutUs.tsx" path="C:\Users\user\Desktop\Invoicer-TS\src\components\landing\AboutUs\AboutUs.tsx">
        <metrics statements="2" coveredstatements="0" conditionals="0" coveredconditionals="0" methods="1" coveredmethods="0"/>
        <line num="4" count="0" type="stmt"/>
        <line num="5" count="0" type="stmt"/>
      </file>
    </package>
    <package name="landing.Features">
      <metrics statements="2" coveredstatements="0" conditionals="0" coveredconditionals="0" methods="1" coveredmethods="0"/>
      <file name="Features.tsx" path="C:\Users\user\Desktop\Invoicer-TS\src\components\landing\Features\Features.tsx">
        <metrics statements="2" coveredstatements="0" conditionals="0" coveredconditionals="0" methods="1" coveredmethods="0"/>
        <line num="7" count="0" type="stmt"/>
        <line num="8" count="0" type="stmt"/>
      </file>
    </package>
    <package name="landing.Hero">
      <metrics statements="2" coveredstatements="0" conditionals="0" coveredconditionals="0" methods="1" coveredmethods="0"/>
      <file name="Hero.tsx" path="C:\Users\user\Desktop\Invoicer-TS\src\components\landing\Hero\Hero.tsx">
        <metrics statements="2" coveredstatements="0" conditionals="0" coveredconditionals="0" methods="1" coveredmethods="0"/>
        <line num="3" count="0" type="stmt"/>
        <line num="4" count="0" type="stmt"/>
      </file>
    </package>
    <package name="landing.Navbar">
      <metrics statements="43" coveredstatements="34" conditionals="24" coveredconditionals="11" methods="14" coveredmethods="8"/>
      <file name="HamburgerMenu.tsx" path="C:\Users\user\Desktop\Invoicer-TS\src\components\landing\Navbar\HamburgerMenu.tsx">
        <metrics statements="18" coveredstatements="16" conditionals="6" coveredconditionals="3" methods="3" coveredmethods="2"/>
        <line num="9" count="1" type="stmt"/>
        <line num="11" count="1" type="stmt"/>
        <line num="12" count="1" type="stmt"/>
        <line num="13" count="1" type="cond" truecount="1" falsecount="1"/>
        <line num="14" count="0" type="stmt"/>
        <line num="16" count="1" type="stmt"/>
        <line num="20" count="1" type="stmt"/>
        <line num="21" count="0" type="stmt"/>
        <line num="24" count="1" type="stmt"/>
        <line num="49" count="1" type="stmt"/>
        <line num="53" count="1" type="stmt"/>
        <line num="67" count="1" type="stmt"/>
        <line num="72" count="1" type="stmt"/>
        <line num="96" count="1" type="stmt"/>
        <line num="102" count="1" type="stmt"/>
        <line num="111" count="1" type="stmt"/>
        <line num="118" count="1" type="stmt"/>
        <line num="133" count="1" type="stmt"/>
      </file>
      <file name="MenuToggle.tsx" path="C:\Users\user\Desktop\Invoicer-TS\src\components\landing\Navbar\MenuToggle.tsx">
        <metrics statements="5" coveredstatements="5" conditionals="6" coveredconditionals="3" methods="2" coveredmethods="2"/>
        <line num="4" count="1" type="stmt"/>
        <line num="44" count="1" type="stmt"/>
        <line num="45" count="3" type="stmt"/>
        <line num="53" count="1" type="stmt"/>
        <line num="56" count="1" type="stmt"/>
      </file>
      <file name="NavMenu.tsx" path="C:\Users\user\Desktop\Invoicer-TS\src\components\landing\Navbar\NavMenu.tsx">
        <metrics statements="9" coveredstatements="5" conditionals="8" coveredconditionals="4" methods="5" coveredmethods="1"/>
        <line num="5" count="1" type="stmt"/>
        <line num="15" count="1" type="stmt"/>
        <line num="23" count="1" type="stmt"/>
        <line num="41" count="1" type="stmt"/>
        <line num="58" count="1" type="stmt"/>
        <line num="87" count="0" type="stmt"/>
        <line num="115" count="0" type="stmt"/>
        <line num="143" count="0" type="stmt"/>
        <line num="172" count="0" type="stmt"/>
      </file>
      <file name="Navbar.tsx" path="C:\Users\user\Desktop\Invoicer-TS\src\components\landing\Navbar\Navbar.tsx">
        <metrics statements="11" coveredstatements="8" conditionals="4" coveredconditionals="1" methods="4" coveredmethods="3"/>
        <line num="6" count="1" type="stmt"/>
        <line num="7" count="1" type="stmt"/>
        <line num="9" count="1" type="stmt"/>
        <line num="10" count="1" type="stmt"/>
        <line num="11" count="0" type="cond" truecount="0" falsecount="2"/>
        <line num="12" count="0" type="stmt"/>
        <line num="14" count="0" type="stmt"/>
        <line num="18" count="1" type="stmt"/>
        <line num="20" count="1" type="stmt"/>
        <line num="21" count="1" type="stmt"/>
        <line num="25" count="1" type="stmt"/>
      </file>
    </package>
    <package name="landing.Testimonials">
      <metrics statements="2" coveredstatements="0" conditionals="0" coveredconditionals="0" methods="1" coveredmethods="0"/>
      <file name="Testimonials.tsx" path="C:\Users\user\Desktop\Invoicer-TS\src\components\landing\Testimonials\Testimonials.tsx">
        <metrics statements="2" coveredstatements="0" conditionals="0" coveredconditionals="0" methods="1" coveredmethods="0"/>
        <line num="4" count="0" type="stmt"/>
        <line num="5" count="0" type="stmt"/>
      </file>
    </package>
    <package name="landing.WhyInvoicer">
      <metrics statements="2" coveredstatements="0" conditionals="0" coveredconditionals="0" methods="1" coveredmethods="0"/>
      <file name="WhyInvoicer.tsx" path="C:\Users\user\Desktop\Invoicer-TS\src\components\landing\WhyInvoicer\WhyInvoicer.tsx">
        <metrics statements="2" coveredstatements="0" conditionals="0" coveredconditionals="0" methods="1" coveredmethods="0"/>
        <line num="3" count="0" type="stmt"/>
        <line num="4" count="0" type="stmt"/>
      </file>
    </package>
  </project>
</coverage>
