{"C:\\Users\\user\\Desktop\\Invoicer-TS\\src\\components\\dashboard\\Dashboard\\Dashboard.tsx": {"path":"C:\\Users\\user\\Desktop\\Invoicer-TS\\src\\components\\dashboard\\Dashboard\\Dashboard.tsx","statementMap":{"0":{"start":{"line":11,"column":28},"end":{"line":172,"column":1}},"1":{"start":{"line":12,"column":27},"end":{"line":12,"column":37}},"2":{"start":{"line":13,"column":30},"end":{"line":13,"column":42}},"3":{"start":{"line":33,"column":20},"end":{"line":43,"column":5}},"4":{"start":{"line":45,"column":4},"end":{"line":58,"column":11}},"5":{"start":{"line":46,"column":26},"end":{"line":55,"column":9}},"6":{"start":{"line":47,"column":12},"end":{"line":54,"column":13}},"7":{"start":{"line":48,"column":33},"end":{"line":48,"column":61}},"8":{"start":{"line":49,"column":34},"end":{"line":49,"column":52}},"9":{"start":{"line":51,"column":16},"end":{"line":51,"column":36}},"10":{"start":{"line":53,"column":16},"end":{"line":53,"column":37}},"11":{"start":{"line":57,"column":8},"end":{"line":57,"column":20}},"12":{"start":{"line":60,"column":27},"end":{"line":93,"column":6}},"13":{"start":{"line":95,"column":26},"end":{"line":100,"column":6}},"14":{"start":{"line":102,"column":4},"end":{"line":171,"column":5}}},"fnMap":{"0":{"name":"(anonymous_0)","decl":{"start":{"line":11,"column":28},"end":{"line":11,"column":29}},"loc":{"start":{"line":11,"column":34},"end":{"line":172,"column":1}},"line":11},"1":{"name":"(anonymous_1)","decl":{"start":{"line":45,"column":14},"end":{"line":45,"column":15}},"loc":{"start":{"line":45,"column":20},"end":{"line":58,"column":5}},"line":45},"2":{"name":"(anonymous_2)","decl":{"start":{"line":46,"column":26},"end":{"line":46,"column":27}},"loc":{"start":{"line":46,"column":38},"end":{"line":55,"column":9}},"line":46}},"branchMap":{"0":{"loc":{"start":{"line":104,"column":26},"end":{"line":104,"column":56}},"type":"cond-expr","locations":[{"start":{"line":104,"column":39},"end":{"line":104,"column":41}},{"start":{"line":104,"column":44},"end":{"line":104,"column":56}}],"line":104},"1":{"loc":{"start":{"line":106,"column":31},"end":{"line":106,"column":83}},"type":"cond-expr","locations":[{"start":{"line":106,"column":44},"end":{"line":106,"column":59}},{"start":{"line":106,"column":62},"end":{"line":106,"column":83}}],"line":106}},"s":{"0":0,"1":0,"2":0,"3":0,"4":0,"5":0,"6":0,"7":0,"8":0,"9":0,"10":0,"11":0,"12":0,"13":0,"14":0},"f":{"0":0,"1":0,"2":0},"b":{"0":[0,0],"1":[0,0]}}
,"C:\\Users\\user\\Desktop\\Invoicer-TS\\src\\components\\dashboard\\Main\\MobileSidebar.tsx": {"path":"C:\\Users\\user\\Desktop\\Invoicer-TS\\src\\components\\dashboard\\Main\\MobileSidebar.tsx","statementMap":{"0":{"start":{"line":14,"column":20},"end":{"line":14,"column":23}},"1":{"start":{"line":22,"column":22},"end":{"line":95,"column":1}},"2":{"start":{"line":23,"column":54},"end":{"line":23,"column":59}},"3":{"start":{"line":26,"column":8},"end":{"line":54,"column":14}},"4":{"start":{"line":31,"column":20},"end":{"line":38,"column":31}},"5":{"start":{"line":44,"column":20},"end":{"line":51,"column":31}},"6":{"start":{"line":57,"column":22},"end":{"line":57,"column":85}},"7":{"start":{"line":57,"column":51},"end":{"line":57,"column":73}},"8":{"start":{"line":59,"column":4},"end":{"line":94,"column":6}}},"fnMap":{"0":{"name":"(anonymous_0)","decl":{"start":{"line":22,"column":22},"end":{"line":22,"column":23}},"loc":{"start":{"line":22,"column":40},"end":{"line":95,"column":1}},"line":22},"1":{"name":"(anonymous_1)","decl":{"start":{"line":30,"column":66},"end":{"line":30,"column":67}},"loc":{"start":{"line":31,"column":20},"end":{"line":38,"column":31}},"line":31},"2":{"name":"(anonymous_2)","decl":{"start":{"line":43,"column":51},"end":{"line":43,"column":52}},"loc":{"start":{"line":44,"column":20},"end":{"line":51,"column":31}},"line":44},"3":{"name":"(anonymous_3)","decl":{"start":{"line":57,"column":45},"end":{"line":57,"column":46}},"loc":{"start":{"line":57,"column":51},"end":{"line":57,"column":73}},"line":57}},"branchMap":{"0":{"loc":{"start":{"line":34,"column":33},"end":{"line":34,"column":79}},"type":"cond-expr","locations":[{"start":{"line":34,"column":51},"end":{"line":34,"column":64}},{"start":{"line":34,"column":67},"end":{"line":34,"column":79}}],"line":34},"1":{"loc":{"start":{"line":47,"column":33},"end":{"line":47,"column":79}},"type":"cond-expr","locations":[{"start":{"line":47,"column":51},"end":{"line":47,"column":64}},{"start":{"line":47,"column":67},"end":{"line":47,"column":79}}],"line":47},"2":{"loc":{"start":{"line":57,"column":22},"end":{"line":57,"column":85}},"type":"cond-expr","locations":[{"start":{"line":57,"column":45},"end":{"line":57,"column":73}},{"start":{"line":57,"column":76},"end":{"line":57,"column":85}}],"line":57}},"s":{"0":0,"1":0,"2":0,"3":0,"4":0,"5":0,"6":0,"7":0,"8":0},"f":{"0":0,"1":0,"2":0,"3":0},"b":{"0":[0,0],"1":[0,0],"2":[0,0]}}
,"C:\\Users\\user\\Desktop\\Invoicer-TS\\src\\components\\dashboard\\Main\\Navbar.tsx": {"path":"C:\\Users\\user\\Desktop\\Invoicer-TS\\src\\components\\dashboard\\Main\\Navbar.tsx","statementMap":{"0":{"start":{"line":13,"column":38},"end":{"line":56,"column":1}},"1":{"start":{"line":14,"column":40},"end":{"line":14,"column":50}},"2":{"start":{"line":16,"column":21},"end":{"line":16,"column":58}},"3":{"start":{"line":17,"column":44},"end":{"line":17,"column":63}},"4":{"start":{"line":18,"column":25},"end":{"line":18,"column":50}},"5":{"start":{"line":19,"column":24},"end":{"line":21,"column":5}},"6":{"start":{"line":20,"column":8},"end":{"line":20,"column":52}},"7":{"start":{"line":22,"column":27},"end":{"line":27,"column":5}},"8":{"start":{"line":23,"column":8},"end":{"line":26,"column":9}},"9":{"start":{"line":24,"column":12},"end":{"line":24,"column":66}},"10":{"start":{"line":25,"column":12},"end":{"line":25,"column":36}},"11":{"start":{"line":28,"column":4},"end":{"line":55,"column":5}},"12":{"start":{"line":32,"column":16},"end":{"line":32,"column":37}},"13":{"start":{"line":41,"column":20},"end":{"line":41,"column":34}},"14":{"start":{"line":42,"column":20},"end":{"line":42,"column":34}},"15":{"start":{"line":43,"column":20},"end":{"line":43,"column":37}},"16":{"start":{"line":48,"column":20},"end":{"line":48,"column":34}},"17":{"start":{"line":49,"column":20},"end":{"line":49,"column":34}},"18":{"start":{"line":50,"column":20},"end":{"line":50,"column":37}}},"fnMap":{"0":{"name":"(anonymous_0)","decl":{"start":{"line":13,"column":38},"end":{"line":13,"column":39}},"loc":{"start":{"line":13,"column":64},"end":{"line":56,"column":1}},"line":13},"1":{"name":"(anonymous_1)","decl":{"start":{"line":19,"column":24},"end":{"line":19,"column":25}},"loc":{"start":{"line":19,"column":30},"end":{"line":21,"column":5}},"line":19},"2":{"name":"(anonymous_2)","decl":{"start":{"line":22,"column":27},"end":{"line":22,"column":28}},"loc":{"start":{"line":22,"column":33},"end":{"line":27,"column":5}},"line":22},"3":{"name":"(anonymous_3)","decl":{"start":{"line":31,"column":21},"end":{"line":31,"column":22}},"loc":{"start":{"line":31,"column":27},"end":{"line":33,"column":13}},"line":31},"4":{"name":"(anonymous_4)","decl":{"start":{"line":40,"column":39},"end":{"line":40,"column":40}},"loc":{"start":{"line":40,"column":43},"end":{"line":45,"column":17}},"line":40},"5":{"name":"(anonymous_5)","decl":{"start":{"line":47,"column":40},"end":{"line":47,"column":41}},"loc":{"start":{"line":47,"column":44},"end":{"line":52,"column":17}},"line":47}},"branchMap":{"0":{"loc":{"start":{"line":20,"column":24},"end":{"line":20,"column":50}},"type":"cond-expr","locations":[{"start":{"line":20,"column":45},"end":{"line":20,"column":46}},{"start":{"line":20,"column":49},"end":{"line":20,"column":50}}],"line":20},"1":{"loc":{"start":{"line":23,"column":8},"end":{"line":26,"column":9}},"type":"if","locations":[{"start":{"line":23,"column":8},"end":{"line":26,"column":9}},{"start":{},"end":{}}],"line":23},"2":{"loc":{"start":{"line":30,"column":26},"end":{"line":30,"column":56}},"type":"cond-expr","locations":[{"start":{"line":30,"column":39},"end":{"line":30,"column":41}},{"start":{"line":30,"column":44},"end":{"line":30,"column":56}}],"line":30},"3":{"loc":{"start":{"line":38,"column":16},"end":{"line":52,"column":20}},"type":"cond-expr","locations":[{"start":{"line":40,"column":16},"end":{"line":45,"column":20}},{"start":{"line":47,"column":16},"end":{"line":52,"column":20}}],"line":38}},"s":{"0":0,"1":0,"2":0,"3":0,"4":0,"5":0,"6":0,"7":0,"8":0,"9":0,"10":0,"11":0,"12":0,"13":0,"14":0,"15":0,"16":0,"17":0,"18":0},"f":{"0":0,"1":0,"2":0,"3":0,"4":0,"5":0},"b":{"0":[0,0],"1":[0,0],"2":[0,0],"3":[0,0]}}
,"C:\\Users\\user\\Desktop\\Invoicer-TS\\src\\components\\dashboard\\Main\\Sidebar.tsx": {"path":"C:\\Users\\user\\Desktop\\Invoicer-TS\\src\\components\\dashboard\\Main\\Sidebar.tsx","statementMap":{"0":{"start":{"line":24,"column":40},"end":{"line":301,"column":1}},"1":{"start":{"line":32,"column":19},"end":{"line":32,"column":54}},"2":{"start":{"line":35,"column":29},"end":{"line":42,"column":5}},"3":{"start":{"line":36,"column":8},"end":{"line":38,"column":9}},"4":{"start":{"line":37,"column":12},"end":{"line":37,"column":32}},"5":{"start":{"line":39,"column":8},"end":{"line":41,"column":16}},"6":{"start":{"line":40,"column":12},"end":{"line":40,"column":50}},"7":{"start":{"line":44,"column":29},"end":{"line":51,"column":5}},"8":{"start":{"line":45,"column":8},"end":{"line":47,"column":9}},"9":{"start":{"line":46,"column":12},"end":{"line":46,"column":32}},"10":{"start":{"line":48,"column":8},"end":{"line":50,"column":16}},"11":{"start":{"line":49,"column":12},"end":{"line":49,"column":51}},"12":{"start":{"line":53,"column":24},"end":{"line":61,"column":5}},"13":{"start":{"line":54,"column":8},"end":{"line":60,"column":9}},"14":{"start":{"line":55,"column":12},"end":{"line":55,"column":50}},"15":{"start":{"line":56,"column":12},"end":{"line":56,"column":49}},"16":{"start":{"line":57,"column":15},"end":{"line":60,"column":9}},"17":{"start":{"line":58,"column":12},"end":{"line":58,"column":51}},"18":{"start":{"line":59,"column":12},"end":{"line":59,"column":49}},"19":{"start":{"line":63,"column":36},"end":{"line":63,"column":60}},"20":{"start":{"line":65,"column":25},"end":{"line":68,"column":5}},"21":{"start":{"line":66,"column":8},"end":{"line":66,"column":31}},"22":{"start":{"line":70,"column":33},"end":{"line":72,"column":5}},"23":{"start":{"line":71,"column":8},"end":{"line":71,"column":29}},"24":{"start":{"line":73,"column":34},"end":{"line":75,"column":5}},"25":{"start":{"line":74,"column":8},"end":{"line":74,"column":29}},"26":{"start":{"line":77,"column":27},"end":{"line":77,"column":37}},"27":{"start":{"line":79,"column":4},"end":{"line":299,"column":5}}},"fnMap":{"0":{"name":"(anonymous_0)","decl":{"start":{"line":24,"column":40},"end":{"line":24,"column":41}},"loc":{"start":{"line":31,"column":6},"end":{"line":301,"column":1}},"line":31},"1":{"name":"(anonymous_1)","decl":{"start":{"line":35,"column":29},"end":{"line":35,"column":30}},"loc":{"start":{"line":35,"column":41},"end":{"line":42,"column":5}},"line":35},"2":{"name":"(anonymous_2)","decl":{"start":{"line":39,"column":27},"end":{"line":39,"column":28}},"loc":{"start":{"line":39,"column":33},"end":{"line":41,"column":9}},"line":39},"3":{"name":"(anonymous_3)","decl":{"start":{"line":44,"column":29},"end":{"line":44,"column":30}},"loc":{"start":{"line":44,"column":41},"end":{"line":51,"column":5}},"line":44},"4":{"name":"(anonymous_4)","decl":{"start":{"line":48,"column":27},"end":{"line":48,"column":28}},"loc":{"start":{"line":48,"column":33},"end":{"line":50,"column":9}},"line":48},"5":{"name":"(anonymous_5)","decl":{"start":{"line":53,"column":24},"end":{"line":53,"column":25}},"loc":{"start":{"line":53,"column":36},"end":{"line":61,"column":5}},"line":53},"6":{"name":"(anonymous_6)","decl":{"start":{"line":65,"column":25},"end":{"line":65,"column":26}},"loc":{"start":{"line":65,"column":37},"end":{"line":68,"column":5}},"line":65},"7":{"name":"(anonymous_7)","decl":{"start":{"line":70,"column":33},"end":{"line":70,"column":34}},"loc":{"start":{"line":70,"column":45},"end":{"line":72,"column":5}},"line":70},"8":{"name":"(anonymous_8)","decl":{"start":{"line":73,"column":34},"end":{"line":73,"column":35}},"loc":{"start":{"line":73,"column":46},"end":{"line":75,"column":5}},"line":73}},"branchMap":{"0":{"loc":{"start":{"line":36,"column":8},"end":{"line":38,"column":9}},"type":"if","locations":[{"start":{"line":36,"column":8},"end":{"line":38,"column":9}},{"start":{},"end":{}}],"line":36},"1":{"loc":{"start":{"line":40,"column":12},"end":{"line":40,"column":49}},"type":"cond-expr","locations":[{"start":{"line":40,"column":31},"end":{"line":40,"column":44}},{"start":{"line":40,"column":47},"end":{"line":40,"column":49}}],"line":40},"2":{"loc":{"start":{"line":45,"column":8},"end":{"line":47,"column":9}},"type":"if","locations":[{"start":{"line":45,"column":8},"end":{"line":47,"column":9}},{"start":{},"end":{}}],"line":45},"3":{"loc":{"start":{"line":49,"column":12},"end":{"line":49,"column":50}},"type":"cond-expr","locations":[{"start":{"line":49,"column":31},"end":{"line":49,"column":45}},{"start":{"line":49,"column":48},"end":{"line":49,"column":50}}],"line":49},"4":{"loc":{"start":{"line":54,"column":8},"end":{"line":60,"column":9}},"type":"if","locations":[{"start":{"line":54,"column":8},"end":{"line":60,"column":9}},{"start":{"line":57,"column":15},"end":{"line":60,"column":9}}],"line":54},"5":{"loc":{"start":{"line":54,"column":12},"end":{"line":54,"column":45}},"type":"binary-expr","locations":[{"start":{"line":54,"column":12},"end":{"line":54,"column":26}},{"start":{"line":54,"column":30},"end":{"line":54,"column":45}}],"line":54},"6":{"loc":{"start":{"line":57,"column":15},"end":{"line":60,"column":9}},"type":"if","locations":[{"start":{"line":57,"column":15},"end":{"line":60,"column":9}},{"start":{},"end":{}}],"line":57},"7":{"loc":{"start":{"line":57,"column":19},"end":{"line":57,"column":53}},"type":"binary-expr","locations":[{"start":{"line":57,"column":19},"end":{"line":57,"column":33}},{"start":{"line":57,"column":37},"end":{"line":57,"column":53}}],"line":57},"8":{"loc":{"start":{"line":83,"column":27},"end":{"line":83,"column":86}},"type":"cond-expr","locations":[{"start":{"line":83,"column":34},"end":{"line":83,"column":58}},{"start":{"line":83,"column":61},"end":{"line":83,"column":86}}],"line":83},"9":{"loc":{"start":{"line":83,"column":90},"end":{"line":83,"column":120}},"type":"cond-expr","locations":[{"start":{"line":83,"column":103},"end":{"line":83,"column":105}},{"start":{"line":83,"column":108},"end":{"line":83,"column":120}}],"line":83},"10":{"loc":{"start":{"line":85,"column":28},"end":{"line":85,"column":76}},"type":"cond-expr","locations":[{"start":{"line":85,"column":35},"end":{"line":85,"column":51}},{"start":{"line":85,"column":54},"end":{"line":85,"column":76}}],"line":85},"11":{"loc":{"start":{"line":86,"column":32},"end":{"line":86,"column":78}},"type":"cond-expr","locations":[{"start":{"line":86,"column":39},"end":{"line":86,"column":54}},{"start":{"line":86,"column":57},"end":{"line":86,"column":78}}],"line":86},"12":{"loc":{"start":{"line":88,"column":21},"end":{"line":88,"column":53}},"type":"cond-expr","locations":[{"start":{"line":88,"column":28},"end":{"line":88,"column":45}},{"start":{"line":88,"column":48},"end":{"line":88,"column":53}}],"line":88},"13":{"loc":{"start":{"line":95,"column":31},"end":{"line":95,"column":78}},"type":"cond-expr","locations":[{"start":{"line":95,"column":38},"end":{"line":95,"column":53}},{"start":{"line":95,"column":56},"end":{"line":95,"column":78}}],"line":95},"14":{"loc":{"start":{"line":114,"column":28},"end":{"line":114,"column":82}},"type":"cond-expr","locations":[{"start":{"line":114,"column":35},"end":{"line":114,"column":54}},{"start":{"line":114,"column":57},"end":{"line":114,"column":82}}],"line":114},"15":{"loc":{"start":{"line":117,"column":24},"end":{"line":119,"column":61}},"type":"cond-expr","locations":[{"start":{"line":118,"column":30},"end":{"line":118,"column":124}},{"start":{"line":119,"column":30},"end":{"line":119,"column":61}}],"line":117},"16":{"loc":{"start":{"line":118,"column":30},"end":{"line":118,"column":124}},"type":"cond-expr","locations":[{"start":{"line":118,"column":52},"end":{"line":118,"column":91}},{"start":{"line":118,"column":94},"end":{"line":118,"column":124}}],"line":118},"17":{"loc":{"start":{"line":123,"column":40},"end":{"line":123,"column":66}},"type":"cond-expr","locations":[{"start":{"line":123,"column":47},"end":{"line":123,"column":55}},{"start":{"line":123,"column":58},"end":{"line":123,"column":66}}],"line":123},"18":{"loc":{"start":{"line":124,"column":21},"end":{"line":124,"column":58}},"type":"cond-expr","locations":[{"start":{"line":124,"column":28},"end":{"line":124,"column":50}},{"start":{"line":124,"column":53},"end":{"line":124,"column":58}}],"line":124},"19":{"loc":{"start":{"line":128,"column":24},"end":{"line":130,"column":57}},"type":"cond-expr","locations":[{"start":{"line":129,"column":26},"end":{"line":129,"column":120}},{"start":{"line":130,"column":26},"end":{"line":130,"column":57}}],"line":128},"20":{"loc":{"start":{"line":129,"column":26},"end":{"line":129,"column":120}},"type":"cond-expr","locations":[{"start":{"line":129,"column":48},"end":{"line":129,"column":87}},{"start":{"line":129,"column":90},"end":{"line":129,"column":120}}],"line":129},"21":{"loc":{"start":{"line":134,"column":45},"end":{"line":134,"column":71}},"type":"cond-expr","locations":[{"start":{"line":134,"column":52},"end":{"line":134,"column":60}},{"start":{"line":134,"column":63},"end":{"line":134,"column":71}}],"line":134},"22":{"loc":{"start":{"line":135,"column":21},"end":{"line":135,"column":58}},"type":"cond-expr","locations":[{"start":{"line":135,"column":28},"end":{"line":135,"column":50}},{"start":{"line":135,"column":53},"end":{"line":135,"column":58}}],"line":135},"23":{"loc":{"start":{"line":139,"column":28},"end":{"line":139,"column":108}},"type":"cond-expr","locations":[{"start":{"line":139,"column":35},"end":{"line":139,"column":67}},{"start":{"line":139,"column":70},"end":{"line":139,"column":108}}],"line":139},"24":{"loc":{"start":{"line":141,"column":20},"end":{"line":165,"column":30}},"type":"cond-expr","locations":[{"start":{"line":143,"column":24},"end":{"line":143,"column":75}},{"start":{"line":145,"column":24},"end":{"line":165,"column":30}}],"line":141},"25":{"loc":{"start":{"line":169,"column":24},"end":{"line":171,"column":60}},"type":"cond-expr","locations":[{"start":{"line":170,"column":30},"end":{"line":170,"column":59}},{"start":{"line":171,"column":30},"end":{"line":171,"column":60}}],"line":169},"26":{"loc":{"start":{"line":175,"column":49},"end":{"line":175,"column":75}},"type":"cond-expr","locations":[{"start":{"line":175,"column":56},"end":{"line":175,"column":64}},{"start":{"line":175,"column":67},"end":{"line":175,"column":75}}],"line":175},"27":{"loc":{"start":{"line":176,"column":21},"end":{"line":176,"column":57}},"type":"cond-expr","locations":[{"start":{"line":176,"column":28},"end":{"line":176,"column":49}},{"start":{"line":176,"column":52},"end":{"line":176,"column":57}}],"line":176},"28":{"loc":{"start":{"line":180,"column":24},"end":{"line":182,"column":59}},"type":"cond-expr","locations":[{"start":{"line":181,"column":30},"end":{"line":181,"column":58}},{"start":{"line":182,"column":30},"end":{"line":182,"column":59}}],"line":180},"29":{"loc":{"start":{"line":186,"column":83},"end":{"line":186,"column":109}},"type":"cond-expr","locations":[{"start":{"line":186,"column":90},"end":{"line":186,"column":98}},{"start":{"line":186,"column":101},"end":{"line":186,"column":109}}],"line":186},"30":{"loc":{"start":{"line":187,"column":21},"end":{"line":187,"column":92}},"type":"cond-expr","locations":[{"start":{"line":187,"column":28},"end":{"line":187,"column":84}},{"start":{"line":187,"column":87},"end":{"line":187,"column":92}}],"line":187},"31":{"loc":{"start":{"line":189,"column":24},"end":{"line":189,"column":175}},"type":"cond-expr","locations":[{"start":{"line":189,"column":32},"end":{"line":189,"column":167}},{"start":{"line":189,"column":171},"end":{"line":189,"column":175}}],"line":189},"32":{"loc":{"start":{"line":189,"column":32},"end":{"line":189,"column":167}},"type":"cond-expr","locations":[{"start":{"line":189,"column":43},"end":{"line":189,"column":103}},{"start":{"line":189,"column":106},"end":{"line":189,"column":167}}],"line":189},"33":{"loc":{"start":{"line":195,"column":20},"end":{"line":226,"column":29}},"type":"cond-expr","locations":[{"start":{"line":197,"column":24},"end":{"line":224,"column":30}},{"start":{"line":226,"column":24},"end":{"line":226,"column":29}}],"line":195},"34":{"loc":{"start":{"line":197,"column":68},"end":{"line":197,"column":90}},"type":"cond-expr","locations":[{"start":{"line":197,"column":79},"end":{"line":197,"column":85}},{"start":{"line":197,"column":88},"end":{"line":197,"column":90}}],"line":197},"35":{"loc":{"start":{"line":200,"column":36},"end":{"line":202,"column":73}},"type":"cond-expr","locations":[{"start":{"line":201,"column":42},"end":{"line":201,"column":72}},{"start":{"line":202,"column":42},"end":{"line":202,"column":73}}],"line":200},"36":{"loc":{"start":{"line":205,"column":37},"end":{"line":205,"column":71}},"type":"cond-expr","locations":[{"start":{"line":205,"column":44},"end":{"line":205,"column":63}},{"start":{"line":205,"column":66},"end":{"line":205,"column":71}}],"line":205},"37":{"loc":{"start":{"line":208,"column":36},"end":{"line":210,"column":73}},"type":"cond-expr","locations":[{"start":{"line":209,"column":42},"end":{"line":209,"column":72}},{"start":{"line":210,"column":42},"end":{"line":210,"column":73}}],"line":208},"38":{"loc":{"start":{"line":213,"column":37},"end":{"line":213,"column":69}},"type":"cond-expr","locations":[{"start":{"line":213,"column":44},"end":{"line":213,"column":61}},{"start":{"line":213,"column":64},"end":{"line":213,"column":69}}],"line":213},"39":{"loc":{"start":{"line":216,"column":36},"end":{"line":218,"column":73}},"type":"cond-expr","locations":[{"start":{"line":217,"column":42},"end":{"line":217,"column":72}},{"start":{"line":218,"column":42},"end":{"line":218,"column":73}}],"line":216},"40":{"loc":{"start":{"line":221,"column":37},"end":{"line":221,"column":75}},"type":"cond-expr","locations":[{"start":{"line":221,"column":44},"end":{"line":221,"column":67}},{"start":{"line":221,"column":70},"end":{"line":221,"column":75}}],"line":221},"41":{"loc":{"start":{"line":232,"column":28},"end":{"line":232,"column":94}},"type":"cond-expr","locations":[{"start":{"line":232,"column":35},"end":{"line":232,"column":60}},{"start":{"line":232,"column":63},"end":{"line":232,"column":94}}],"line":232},"42":{"loc":{"start":{"line":234,"column":20},"end":{"line":258,"column":30}},"type":"cond-expr","locations":[{"start":{"line":236,"column":24},"end":{"line":236,"column":77}},{"start":{"line":238,"column":24},"end":{"line":258,"column":30}}],"line":234},"43":{"loc":{"start":{"line":262,"column":24},"end":{"line":264,"column":64}},"type":"cond-expr","locations":[{"start":{"line":263,"column":30},"end":{"line":263,"column":63}},{"start":{"line":264,"column":30},"end":{"line":264,"column":64}}],"line":262},"44":{"loc":{"start":{"line":267,"column":43},"end":{"line":267,"column":69}},"type":"cond-expr","locations":[{"start":{"line":267,"column":50},"end":{"line":267,"column":58}},{"start":{"line":267,"column":61},"end":{"line":267,"column":69}}],"line":267},"45":{"loc":{"start":{"line":268,"column":21},"end":{"line":268,"column":61}},"type":"cond-expr","locations":[{"start":{"line":268,"column":28},"end":{"line":268,"column":53}},{"start":{"line":268,"column":56},"end":{"line":268,"column":61}}],"line":268},"46":{"loc":{"start":{"line":272,"column":24},"end":{"line":274,"column":61}},"type":"cond-expr","locations":[{"start":{"line":273,"column":30},"end":{"line":273,"column":60}},{"start":{"line":274,"column":30},"end":{"line":274,"column":61}}],"line":272},"47":{"loc":{"start":{"line":277,"column":40},"end":{"line":277,"column":66}},"type":"cond-expr","locations":[{"start":{"line":277,"column":47},"end":{"line":277,"column":55}},{"start":{"line":277,"column":58},"end":{"line":277,"column":66}}],"line":277},"48":{"loc":{"start":{"line":278,"column":21},"end":{"line":278,"column":61}},"type":"cond-expr","locations":[{"start":{"line":278,"column":28},"end":{"line":278,"column":53}},{"start":{"line":278,"column":56},"end":{"line":278,"column":61}}],"line":278},"49":{"loc":{"start":{"line":282,"column":24},"end":{"line":284,"column":61}},"type":"cond-expr","locations":[{"start":{"line":283,"column":30},"end":{"line":283,"column":60}},{"start":{"line":284,"column":30},"end":{"line":284,"column":61}}],"line":282},"50":{"loc":{"start":{"line":287,"column":40},"end":{"line":287,"column":66}},"type":"cond-expr","locations":[{"start":{"line":287,"column":47},"end":{"line":287,"column":55}},{"start":{"line":287,"column":58},"end":{"line":287,"column":66}}],"line":287},"51":{"loc":{"start":{"line":288,"column":21},"end":{"line":288,"column":63}},"type":"cond-expr","locations":[{"start":{"line":288,"column":28},"end":{"line":288,"column":55}},{"start":{"line":288,"column":58},"end":{"line":288,"column":63}}],"line":288}},"s":{"0":0,"1":0,"2":0,"3":0,"4":0,"5":0,"6":0,"7":0,"8":0,"9":0,"10":0,"11":0,"12":0,"13":0,"14":0,"15":0,"16":0,"17":0,"18":0,"19":0,"20":0,"21":0,"22":0,"23":0,"24":0,"25":0,"26":0,"27":0},"f":{"0":0,"1":0,"2":0,"3":0,"4":0,"5":0,"6":0,"7":0,"8":0},"b":{"0":[0,0],"1":[0,0],"2":[0,0],"3":[0,0],"4":[0,0],"5":[0,0],"6":[0,0],"7":[0,0],"8":[0,0],"9":[0,0],"10":[0,0],"11":[0,0],"12":[0,0],"13":[0,0],"14":[0,0],"15":[0,0],"16":[0,0],"17":[0,0],"18":[0,0],"19":[0,0],"20":[0,0],"21":[0,0],"22":[0,0],"23":[0,0],"24":[0,0],"25":[0,0],"26":[0,0],"27":[0,0],"28":[0,0],"29":[0,0],"30":[0,0],"31":[0,0],"32":[0,0],"33":[0,0],"34":[0,0],"35":[0,0],"36":[0,0],"37":[0,0],"38":[0,0],"39":[0,0],"40":[0,0],"41":[0,0],"42":[0,0],"43":[0,0],"44":[0,0],"45":[0,0],"46":[0,0],"47":[0,0],"48":[0,0],"49":[0,0],"50":[0,0],"51":[0,0]}}
,"C:\\Users\\user\\Desktop\\Invoicer-TS\\src\\components\\landing\\AboutUs\\AboutUs.tsx": {"path":"C:\\Users\\user\\Desktop\\Invoicer-TS\\src\\components\\landing\\AboutUs\\AboutUs.tsx","statementMap":{"0":{"start":{"line":4,"column":26},"end":{"line":6,"column":1}},"1":{"start":{"line":5,"column":2},"end":{"line":5,"column":49}}},"fnMap":{"0":{"name":"(anonymous_0)","decl":{"start":{"line":4,"column":26},"end":{"line":4,"column":27}},"loc":{"start":{"line":4,"column":32},"end":{"line":6,"column":1}},"line":4}},"branchMap":{},"s":{"0":0,"1":0},"f":{"0":0},"b":{}}
,"C:\\Users\\user\\Desktop\\Invoicer-TS\\src\\components\\landing\\Features\\Features.tsx": {"path":"C:\\Users\\user\\Desktop\\Invoicer-TS\\src\\components\\landing\\Features\\Features.tsx","statementMap":{"0":{"start":{"line":7,"column":27},"end":{"line":49,"column":1}},"1":{"start":{"line":8,"column":2},"end":{"line":48,"column":4}}},"fnMap":{"0":{"name":"(anonymous_0)","decl":{"start":{"line":7,"column":27},"end":{"line":7,"column":28}},"loc":{"start":{"line":7,"column":33},"end":{"line":49,"column":1}},"line":7}},"branchMap":{},"s":{"0":0,"1":0},"f":{"0":0},"b":{}}
,"C:\\Users\\user\\Desktop\\Invoicer-TS\\src\\components\\landing\\Hero\\Hero.tsx": {"path":"C:\\Users\\user\\Desktop\\Invoicer-TS\\src\\components\\landing\\Hero\\Hero.tsx","statementMap":{"0":{"start":{"line":3,"column":23},"end":{"line":15,"column":1}},"1":{"start":{"line":4,"column":2},"end":{"line":14,"column":4}}},"fnMap":{"0":{"name":"(anonymous_0)","decl":{"start":{"line":3,"column":23},"end":{"line":3,"column":24}},"loc":{"start":{"line":3,"column":29},"end":{"line":15,"column":1}},"line":3}},"branchMap":{},"s":{"0":0,"1":0},"f":{"0":0},"b":{}}
,"C:\\Users\\user\\Desktop\\Invoicer-TS\\src\\components\\landing\\Navbar\\HamburgerMenu.tsx": {"path":"C:\\Users\\user\\Desktop\\Invoicer-TS\\src\\components\\landing\\Navbar\\HamburgerMenu.tsx","statementMap":{"0":{"start":{"line":9,"column":28},"end":{"line":9,"column":52}},"1":{"start":{"line":11,"column":2},"end":{"line":18,"column":15}},"2":{"start":{"line":12,"column":17},"end":{"line":12,"column":75}},"3":{"start":{"line":13,"column":4},"end":{"line":17,"column":5}},"4":{"start":{"line":14,"column":6},"end":{"line":14,"column":37}},"5":{"start":{"line":16,"column":6},"end":{"line":16,"column":35}},"6":{"start":{"line":20,"column":21},"end":{"line":22,"column":3}},"7":{"start":{"line":21,"column":4},"end":{"line":21,"column":21}},"8":{"start":{"line":24,"column":2},"end":{"line":46,"column":4}},"9":{"start":{"line":49,"column":31},"end":{"line":51,"column":1}},"10":{"start":{"line":53,"column":22},"end":{"line":65,"column":1}},"11":{"start":{"line":67,"column":21},"end":{"line":70,"column":1}},"12":{"start":{"line":72,"column":20},"end":{"line":94,"column":1}},"13":{"start":{"line":96,"column":25},"end":{"line":100,"column":1}},"14":{"start":{"line":102,"column":21},"end":{"line":109,"column":1}},"15":{"start":{"line":111,"column":23},"end":{"line":116,"column":1}},"16":{"start":{"line":118,"column":23},"end":{"line":131,"column":1}},"17":{"start":{"line":133,"column":25},"end":{"line":133,"column":59}}},"fnMap":{"0":{"name":"HamburgerMenu","decl":{"start":{"line":8,"column":16},"end":{"line":8,"column":29}},"loc":{"start":{"line":8,"column":32},"end":{"line":47,"column":1}},"line":8},"1":{"name":"(anonymous_1)","decl":{"start":{"line":11,"column":12},"end":{"line":11,"column":13}},"loc":{"start":{"line":11,"column":18},"end":{"line":18,"column":3}},"line":11},"2":{"name":"(anonymous_2)","decl":{"start":{"line":20,"column":21},"end":{"line":20,"column":22}},"loc":{"start":{"line":20,"column":33},"end":{"line":22,"column":3}},"line":20}},"branchMap":{"0":{"loc":{"start":{"line":13,"column":4},"end":{"line":17,"column":5}},"type":"if","locations":[{"start":{"line":13,"column":4},"end":{"line":17,"column":5}},{"start":{"line":15,"column":11},"end":{"line":17,"column":5}}],"line":13},"1":{"loc":{"start":{"line":29,"column":17},"end":{"line":29,"column":43}},"type":"cond-expr","locations":[{"start":{"line":29,"column":26},"end":{"line":29,"column":32}},{"start":{"line":29,"column":35},"end":{"line":29,"column":43}}],"line":29},"2":{"loc":{"start":{"line":36,"column":21},"end":{"line":36,"column":45}},"type":"cond-expr","locations":[{"start":{"line":36,"column":30},"end":{"line":36,"column":36}},{"start":{"line":36,"column":39},"end":{"line":36,"column":45}}],"line":36}},"s":{"0":1,"1":1,"2":1,"3":1,"4":0,"5":1,"6":1,"7":0,"8":1,"9":1,"10":1,"11":1,"12":1,"13":1,"14":1,"15":1,"16":1,"17":1},"f":{"0":1,"1":1,"2":0},"b":{"0":[0,1],"1":[0,1],"2":[0,1]},"_coverageSchema":"1a1c01bbd47fc00a2c39e90264f33305004495a9","hash":"07c401b1ba6ab07e0ca1cc06427395dee109365c"}
,"C:\\Users\\user\\Desktop\\Invoicer-TS\\src\\components\\landing\\Navbar\\MenuToggle.tsx": {"path":"C:\\Users\\user\\Desktop\\Invoicer-TS\\src\\components\\landing\\Navbar\\MenuToggle.tsx","statementMap":{"0":{"start":{"line":4,"column":15},"end":{"line":11,"column":1}},"1":{"start":{"line":44,"column":13},"end":{"line":51,"column":1}},"2":{"start":{"line":45,"column":2},"end":{"line":50,"column":4}},"3":{"start":{"line":53,"column":19},"end":{"line":53,"column":36}},"4":{"start":{"line":56,"column":2},"end":{"line":102,"column":4}}},"fnMap":{"0":{"name":"(anonymous_0)","decl":{"start":{"line":44,"column":13},"end":{"line":44,"column":14}},"loc":{"start":{"line":45,"column":2},"end":{"line":50,"column":4}},"line":45},"1":{"name":"MenuToggle","decl":{"start":{"line":55,"column":16},"end":{"line":55,"column":26}},"loc":{"start":{"line":55,"column":64},"end":{"line":103,"column":1}},"line":55}},"branchMap":{"0":{"loc":{"start":{"line":60,"column":19},"end":{"line":60,"column":45}},"type":"cond-expr","locations":[{"start":{"line":60,"column":28},"end":{"line":60,"column":34}},{"start":{"line":60,"column":37},"end":{"line":60,"column":45}}],"line":60},"1":{"loc":{"start":{"line":77,"column":19},"end":{"line":77,"column":45}},"type":"cond-expr","locations":[{"start":{"line":77,"column":28},"end":{"line":77,"column":34}},{"start":{"line":77,"column":37},"end":{"line":77,"column":45}}],"line":77},"2":{"loc":{"start":{"line":86,"column":19},"end":{"line":86,"column":45}},"type":"cond-expr","locations":[{"start":{"line":86,"column":28},"end":{"line":86,"column":34}},{"start":{"line":86,"column":37},"end":{"line":86,"column":45}}],"line":86}},"s":{"0":1,"1":1,"2":3,"3":1,"4":1},"f":{"0":3,"1":1},"b":{"0":[0,1],"1":[0,1],"2":[0,1]},"_coverageSchema":"1a1c01bbd47fc00a2c39e90264f33305004495a9","hash":"cc68e2b7972ca5f9ff227d3cbd74b393661cc5c5"}
,"C:\\Users\\user\\Desktop\\Invoicer-TS\\src\\components\\landing\\Navbar\\NavMenu.tsx": {"path":"C:\\Users\\user\\Desktop\\Invoicer-TS\\src\\components\\landing\\Navbar\\NavMenu.tsx","statementMap":{"0":{"start":{"line":5,"column":25},"end":{"line":13,"column":1}},"1":{"start":{"line":15,"column":16},"end":{"line":21,"column":1}},"2":{"start":{"line":23,"column":16},"end":{"line":39,"column":1}},"3":{"start":{"line":41,"column":17},"end":{"line":50,"column":1}},"4":{"start":{"line":58,"column":2},"end":{"line":180,"column":4}},"5":{"start":{"line":87,"column":14},"end":{"line":87,"column":29}},"6":{"start":{"line":115,"column":14},"end":{"line":115,"column":29}},"7":{"start":{"line":143,"column":14},"end":{"line":143,"column":29}},"8":{"start":{"line":172,"column":14},"end":{"line":172,"column":29}}},"fnMap":{"0":{"name":"NavMenu","decl":{"start":{"line":57,"column":16},"end":{"line":57,"column":23}},"loc":{"start":{"line":57,"column":59},"end":{"line":181,"column":1}},"line":57},"1":{"name":"(anonymous_1)","decl":{"start":{"line":86,"column":21},"end":{"line":86,"column":22}},"loc":{"start":{"line":86,"column":27},"end":{"line":88,"column":13}},"line":86},"2":{"name":"(anonymous_2)","decl":{"start":{"line":114,"column":21},"end":{"line":114,"column":22}},"loc":{"start":{"line":114,"column":27},"end":{"line":116,"column":13}},"line":114},"3":{"name":"(anonymous_3)","decl":{"start":{"line":142,"column":21},"end":{"line":142,"column":22}},"loc":{"start":{"line":142,"column":27},"end":{"line":144,"column":13}},"line":142},"4":{"name":"(anonymous_4)","decl":{"start":{"line":171,"column":21},"end":{"line":171,"column":22}},"loc":{"start":{"line":171,"column":27},"end":{"line":173,"column":13}},"line":171}},"branchMap":{"0":{"loc":{"start":{"line":63,"column":19},"end":{"line":63,"column":43}},"type":"cond-expr","locations":[{"start":{"line":63,"column":28},"end":{"line":63,"column":34}},{"start":{"line":63,"column":37},"end":{"line":63,"column":43}}],"line":63},"1":{"loc":{"start":{"line":95,"column":19},"end":{"line":95,"column":43}},"type":"cond-expr","locations":[{"start":{"line":95,"column":28},"end":{"line":95,"column":34}},{"start":{"line":95,"column":37},"end":{"line":95,"column":43}}],"line":95},"2":{"loc":{"start":{"line":123,"column":19},"end":{"line":123,"column":43}},"type":"cond-expr","locations":[{"start":{"line":123,"column":28},"end":{"line":123,"column":34}},{"start":{"line":123,"column":37},"end":{"line":123,"column":43}}],"line":123},"3":{"loc":{"start":{"line":151,"column":19},"end":{"line":151,"column":43}},"type":"cond-expr","locations":[{"start":{"line":151,"column":28},"end":{"line":151,"column":34}},{"start":{"line":151,"column":37},"end":{"line":151,"column":43}}],"line":151}},"s":{"0":1,"1":1,"2":1,"3":1,"4":1,"5":0,"6":0,"7":0,"8":0},"f":{"0":1,"1":0,"2":0,"3":0,"4":0},"b":{"0":[0,1],"1":[0,1],"2":[0,1],"3":[0,1]},"_coverageSchema":"1a1c01bbd47fc00a2c39e90264f33305004495a9","hash":"6821581186c921a843e861ff7ed11bf6ababe270"}
,"C:\\Users\\user\\Desktop\\Invoicer-TS\\src\\components\\landing\\Navbar\\Navbar.tsx": {"path":"C:\\Users\\user\\Desktop\\Invoicer-TS\\src\\components\\landing\\Navbar\\Navbar.tsx","statementMap":{"0":{"start":{"line":6,"column":15},"end":{"line":41,"column":1}},"1":{"start":{"line":7,"column":34},"end":{"line":7,"column":58}},"2":{"start":{"line":9,"column":2},"end":{"line":23,"column":9}},"3":{"start":{"line":10,"column":25},"end":{"line":16,"column":5}},"4":{"start":{"line":11,"column":6},"end":{"line":15,"column":7}},"5":{"start":{"line":12,"column":8},"end":{"line":12,"column":26}},"6":{"start":{"line":14,"column":8},"end":{"line":14,"column":27}},"7":{"start":{"line":18,"column":4},"end":{"line":18,"column":52}},"8":{"start":{"line":20,"column":4},"end":{"line":22,"column":6}},"9":{"start":{"line":21,"column":6},"end":{"line":21,"column":57}},"10":{"start":{"line":25,"column":2},"end":{"line":40,"column":4}}},"fnMap":{"0":{"name":"(anonymous_0)","decl":{"start":{"line":6,"column":15},"end":{"line":6,"column":16}},"loc":{"start":{"line":6,"column":21},"end":{"line":41,"column":1}},"line":6},"1":{"name":"(anonymous_1)","decl":{"start":{"line":9,"column":12},"end":{"line":9,"column":13}},"loc":{"start":{"line":9,"column":18},"end":{"line":23,"column":3}},"line":9},"2":{"name":"(anonymous_2)","decl":{"start":{"line":10,"column":25},"end":{"line":10,"column":26}},"loc":{"start":{"line":10,"column":31},"end":{"line":16,"column":5}},"line":10},"3":{"name":"(anonymous_3)","decl":{"start":{"line":20,"column":11},"end":{"line":20,"column":12}},"loc":{"start":{"line":20,"column":17},"end":{"line":22,"column":5}},"line":20}},"branchMap":{"0":{"loc":{"start":{"line":11,"column":6},"end":{"line":15,"column":7}},"type":"if","locations":[{"start":{"line":11,"column":6},"end":{"line":15,"column":7}},{"start":{"line":13,"column":13},"end":{"line":15,"column":7}}],"line":11},"1":{"loc":{"start":{"line":26,"column":27},"end":{"line":26,"column":53}},"type":"cond-expr","locations":[{"start":{"line":26,"column":38},"end":{"line":26,"column":48}},{"start":{"line":26,"column":51},"end":{"line":26,"column":53}}],"line":26}},"s":{"0":1,"1":1,"2":1,"3":1,"4":0,"5":0,"6":0,"7":1,"8":1,"9":1,"10":1},"f":{"0":1,"1":1,"2":0,"3":1},"b":{"0":[0,0],"1":[0,1]},"_coverageSchema":"1a1c01bbd47fc00a2c39e90264f33305004495a9","hash":"415499e333d0a310ca8a72ff46e5ffbae4cc1db6"}
,"C:\\Users\\user\\Desktop\\Invoicer-TS\\src\\components\\landing\\Testimonials\\Testimonials.tsx": {"path":"C:\\Users\\user\\Desktop\\Invoicer-TS\\src\\components\\landing\\Testimonials\\Testimonials.tsx","statementMap":{"0":{"start":{"line":4,"column":21},"end":{"line":51,"column":1}},"1":{"start":{"line":5,"column":2},"end":{"line":50,"column":4}}},"fnMap":{"0":{"name":"(anonymous_0)","decl":{"start":{"line":4,"column":21},"end":{"line":4,"column":22}},"loc":{"start":{"line":4,"column":27},"end":{"line":51,"column":1}},"line":4}},"branchMap":{},"s":{"0":0,"1":0},"f":{"0":0},"b":{}}
,"C:\\Users\\user\\Desktop\\Invoicer-TS\\src\\components\\landing\\WhyInvoicer\\WhyInvoicer.tsx": {"path":"C:\\Users\\user\\Desktop\\Invoicer-TS\\src\\components\\landing\\WhyInvoicer\\WhyInvoicer.tsx","statementMap":{"0":{"start":{"line":3,"column":30},"end":{"line":26,"column":1}},"1":{"start":{"line":4,"column":2},"end":{"line":25,"column":4}}},"fnMap":{"0":{"name":"(anonymous_0)","decl":{"start":{"line":3,"column":30},"end":{"line":3,"column":31}},"loc":{"start":{"line":3,"column":36},"end":{"line":26,"column":1}},"line":3}},"branchMap":{},"s":{"0":0,"1":0},"f":{"0":0},"b":{}}
}
