TN:
SF:src\components\dashboard\Dashboard\Dashboard.tsx
FN:11,(anonymous_0)
FN:45,(anonymous_1)
FN:46,(anonymous_2)
FNF:3
FNH:0
FNDA:0,(anonymous_0)
FNDA:0,(anonymous_1)
FNDA:0,(anonymous_2)
DA:11,0
DA:12,0
DA:13,0
DA:33,0
DA:45,0
DA:46,0
DA:47,0
DA:48,0
DA:49,0
DA:51,0
DA:53,0
DA:57,0
DA:60,0
DA:95,0
DA:102,0
LF:15
LH:0
BRDA:104,0,0,0
BRDA:104,0,1,0
BRDA:106,1,0,0
BRDA:106,1,1,0
BRF:4
BRH:0
end_of_record
TN:
SF:src\components\dashboard\Main\MobileSidebar.tsx
FN:22,(anonymous_0)
FN:30,(anonymous_1)
FN:43,(anonymous_2)
FN:57,(anonymous_3)
FNF:4
FNH:0
FNDA:0,(anonymous_0)
FNDA:0,(anonymous_1)
FNDA:0,(anonymous_2)
FNDA:0,(anonymous_3)
DA:14,0
DA:22,0
DA:23,0
DA:26,0
DA:31,0
DA:44,0
DA:57,0
DA:59,0
LF:8
LH:0
BRDA:34,0,0,0
BRDA:34,0,1,0
BRDA:47,1,0,0
BRDA:47,1,1,0
BRDA:57,2,0,0
BRDA:57,2,1,0
BRF:6
BRH:0
end_of_record
TN:
SF:src\components\dashboard\Main\Navbar.tsx
FN:13,(anonymous_0)
FN:19,(anonymous_1)
FN:22,(anonymous_2)
FN:31,(anonymous_3)
FN:40,(anonymous_4)
FN:47,(anonymous_5)
FNF:6
FNH:0
FNDA:0,(anonymous_0)
FNDA:0,(anonymous_1)
FNDA:0,(anonymous_2)
FNDA:0,(anonymous_3)
FNDA:0,(anonymous_4)
FNDA:0,(anonymous_5)
DA:13,0
DA:14,0
DA:16,0
DA:17,0
DA:18,0
DA:19,0
DA:20,0
DA:22,0
DA:23,0
DA:24,0
DA:25,0
DA:28,0
DA:32,0
DA:41,0
DA:42,0
DA:43,0
DA:48,0
DA:49,0
DA:50,0
LF:19
LH:0
BRDA:20,0,0,0
BRDA:20,0,1,0
BRDA:23,1,0,0
BRDA:23,1,1,0
BRDA:30,2,0,0
BRDA:30,2,1,0
BRDA:38,3,0,0
BRDA:38,3,1,0
BRF:8
BRH:0
end_of_record
TN:
SF:src\components\dashboard\Main\Sidebar.tsx
FN:24,(anonymous_0)
FN:35,(anonymous_1)
FN:39,(anonymous_2)
FN:44,(anonymous_3)
FN:48,(anonymous_4)
FN:53,(anonymous_5)
FN:65,(anonymous_6)
FN:70,(anonymous_7)
FN:73,(anonymous_8)
FNF:9
FNH:0
FNDA:0,(anonymous_0)
FNDA:0,(anonymous_1)
FNDA:0,(anonymous_2)
FNDA:0,(anonymous_3)
FNDA:0,(anonymous_4)
FNDA:0,(anonymous_5)
FNDA:0,(anonymous_6)
FNDA:0,(anonymous_7)
FNDA:0,(anonymous_8)
DA:24,0
DA:32,0
DA:35,0
DA:36,0
DA:37,0
DA:39,0
DA:40,0
DA:44,0
DA:45,0
DA:46,0
DA:48,0
DA:49,0
DA:53,0
DA:54,0
DA:55,0
DA:56,0
DA:57,0
DA:58,0
DA:59,0
DA:63,0
DA:65,0
DA:66,0
DA:70,0
DA:71,0
DA:73,0
DA:74,0
DA:77,0
DA:79,0
LF:28
LH:0
BRDA:36,0,0,0
BRDA:36,0,1,0
BRDA:40,1,0,0
BRDA:40,1,1,0
BRDA:45,2,0,0
BRDA:45,2,1,0
BRDA:49,3,0,0
BRDA:49,3,1,0
BRDA:54,4,0,0
BRDA:54,4,1,0
BRDA:54,5,0,0
BRDA:54,5,1,0
BRDA:57,6,0,0
BRDA:57,6,1,0
BRDA:57,7,0,0
BRDA:57,7,1,0
BRDA:83,8,0,0
BRDA:83,8,1,0
BRDA:83,9,0,0
BRDA:83,9,1,0
BRDA:85,10,0,0
BRDA:85,10,1,0
BRDA:86,11,0,0
BRDA:86,11,1,0
BRDA:88,12,0,0
BRDA:88,12,1,0
BRDA:95,13,0,0
BRDA:95,13,1,0
BRDA:114,14,0,0
BRDA:114,14,1,0
BRDA:117,15,0,0
BRDA:117,15,1,0
BRDA:118,16,0,0
BRDA:118,16,1,0
BRDA:123,17,0,0
BRDA:123,17,1,0
BRDA:124,18,0,0
BRDA:124,18,1,0
BRDA:128,19,0,0
BRDA:128,19,1,0
BRDA:129,20,0,0
BRDA:129,20,1,0
BRDA:134,21,0,0
BRDA:134,21,1,0
BRDA:135,22,0,0
BRDA:135,22,1,0
BRDA:139,23,0,0
BRDA:139,23,1,0
BRDA:141,24,0,0
BRDA:141,24,1,0
BRDA:169,25,0,0
BRDA:169,25,1,0
BRDA:175,26,0,0
BRDA:175,26,1,0
BRDA:176,27,0,0
BRDA:176,27,1,0
BRDA:180,28,0,0
BRDA:180,28,1,0
BRDA:186,29,0,0
BRDA:186,29,1,0
BRDA:187,30,0,0
BRDA:187,30,1,0
BRDA:189,31,0,0
BRDA:189,31,1,0
BRDA:189,32,0,0
BRDA:189,32,1,0
BRDA:195,33,0,0
BRDA:195,33,1,0
BRDA:197,34,0,0
BRDA:197,34,1,0
BRDA:200,35,0,0
BRDA:200,35,1,0
BRDA:205,36,0,0
BRDA:205,36,1,0
BRDA:208,37,0,0
BRDA:208,37,1,0
BRDA:213,38,0,0
BRDA:213,38,1,0
BRDA:216,39,0,0
BRDA:216,39,1,0
BRDA:221,40,0,0
BRDA:221,40,1,0
BRDA:232,41,0,0
BRDA:232,41,1,0
BRDA:234,42,0,0
BRDA:234,42,1,0
BRDA:262,43,0,0
BRDA:262,43,1,0
BRDA:267,44,0,0
BRDA:267,44,1,0
BRDA:268,45,0,0
BRDA:268,45,1,0
BRDA:272,46,0,0
BRDA:272,46,1,0
BRDA:277,47,0,0
BRDA:277,47,1,0
BRDA:278,48,0,0
BRDA:278,48,1,0
BRDA:282,49,0,0
BRDA:282,49,1,0
BRDA:287,50,0,0
BRDA:287,50,1,0
BRDA:288,51,0,0
BRDA:288,51,1,0
BRF:104
BRH:0
end_of_record
TN:
SF:src\components\landing\AboutUs\AboutUs.tsx
FN:4,(anonymous_0)
FNF:1
FNH:0
FNDA:0,(anonymous_0)
DA:4,0
DA:5,0
LF:2
LH:0
BRF:0
BRH:0
end_of_record
TN:
SF:src\components\landing\Features\Features.tsx
FN:7,(anonymous_0)
FNF:1
FNH:0
FNDA:0,(anonymous_0)
DA:7,0
DA:8,0
LF:2
LH:0
BRF:0
BRH:0
end_of_record
TN:
SF:src\components\landing\Hero\Hero.tsx
FN:3,(anonymous_0)
FNF:1
FNH:0
FNDA:0,(anonymous_0)
DA:3,0
DA:4,0
LF:2
LH:0
BRF:0
BRH:0
end_of_record
TN:
SF:src\components\landing\Navbar\HamburgerMenu.tsx
FN:8,HamburgerMenu
FN:11,(anonymous_1)
FN:20,(anonymous_2)
FNF:3
FNH:2
FNDA:1,HamburgerMenu
FNDA:1,(anonymous_1)
FNDA:0,(anonymous_2)
DA:9,1
DA:11,1
DA:12,1
DA:13,1
DA:14,0
DA:16,1
DA:20,1
DA:21,0
DA:24,1
DA:49,1
DA:53,1
DA:67,1
DA:72,1
DA:96,1
DA:102,1
DA:111,1
DA:118,1
DA:133,1
LF:18
LH:16
BRDA:13,0,0,0
BRDA:13,0,1,1
BRDA:29,1,0,0
BRDA:29,1,1,1
BRDA:36,2,0,0
BRDA:36,2,1,1
BRF:6
BRH:3
end_of_record
TN:
SF:src\components\landing\Navbar\MenuToggle.tsx
FN:44,(anonymous_0)
FN:55,MenuToggle
FNF:2
FNH:2
FNDA:3,(anonymous_0)
FNDA:1,MenuToggle
DA:4,1
DA:44,1
DA:45,3
DA:53,1
DA:56,1
LF:5
LH:5
BRDA:60,0,0,0
BRDA:60,0,1,1
BRDA:77,1,0,0
BRDA:77,1,1,1
BRDA:86,2,0,0
BRDA:86,2,1,1
BRF:6
BRH:3
end_of_record
TN:
SF:src\components\landing\Navbar\NavMenu.tsx
FN:57,NavMenu
FN:86,(anonymous_1)
FN:114,(anonymous_2)
FN:142,(anonymous_3)
FN:171,(anonymous_4)
FNF:5
FNH:1
FNDA:1,NavMenu
FNDA:0,(anonymous_1)
FNDA:0,(anonymous_2)
FNDA:0,(anonymous_3)
FNDA:0,(anonymous_4)
DA:5,1
DA:15,1
DA:23,1
DA:41,1
DA:58,1
DA:87,0
DA:115,0
DA:143,0
DA:172,0
LF:9
LH:5
BRDA:63,0,0,0
BRDA:63,0,1,1
BRDA:95,1,0,0
BRDA:95,1,1,1
BRDA:123,2,0,0
BRDA:123,2,1,1
BRDA:151,3,0,0
BRDA:151,3,1,1
BRF:8
BRH:4
end_of_record
TN:
SF:src\components\landing\Navbar\Navbar.tsx
FN:6,(anonymous_0)
FN:9,(anonymous_1)
FN:10,(anonymous_2)
FN:20,(anonymous_3)
FNF:4
FNH:3
FNDA:1,(anonymous_0)
FNDA:1,(anonymous_1)
FNDA:0,(anonymous_2)
FNDA:1,(anonymous_3)
DA:6,1
DA:7,1
DA:9,1
DA:10,1
DA:11,0
DA:12,0
DA:14,0
DA:18,1
DA:20,1
DA:21,1
DA:25,1
LF:11
LH:8
BRDA:11,0,0,0
BRDA:11,0,1,0
BRDA:26,1,0,0
BRDA:26,1,1,1
BRF:4
BRH:1
end_of_record
TN:
SF:src\components\landing\Testimonials\Testimonials.tsx
FN:4,(anonymous_0)
FNF:1
FNH:0
FNDA:0,(anonymous_0)
DA:4,0
DA:5,0
LF:2
LH:0
BRF:0
BRH:0
end_of_record
TN:
SF:src\components\landing\WhyInvoicer\WhyInvoicer.tsx
FN:3,(anonymous_0)
FNF:1
FNH:0
FNDA:0,(anonymous_0)
DA:3,0
DA:4,0
LF:2
LH:0
BRF:0
BRH:0
end_of_record
